<?xml version="1.0" encoding="UTF-8"?>
<testsuite name="iosSimulatorArm64Test.jp.kamusoft.ksdialogs.kmp.IosDialogGatewayCancellationTests" tests="3" skipped="0" failures="0" errors="0" timestamp="2026-08-21T10:24:39.578Z" hostname="<host>" time="0.001">
  <properties/>
  <testcase name="PB-KC-01 表示中のコルーチンをキャンセルすると当該ダイアログだけが閉じ CancellationException が伝播する[iosSimulatorArm64]" classname="iosSimulatorArm64Test.jp.kamusoft.ksdialogs.kmp.IosDialogGatewayCancellationTests" time="0.001"/>
  <testcase name="PB-KC-02 提示が始まる前に来たキャンセルでも取り消しが届く[iosSimulatorArm64]" classname="iosSimulatorArm64Test.jp.kamusoft.ksdialogs.kmp.IosDialogGatewayCancellationTests" time="0.0"/>
  <testcase name="PB-KC-02 キャンセルの後に届いた結果は呼び出し元へ配送されない[iosSimulatorArm64]" classname="iosSimulatorArm64Test.jp.kamusoft.ksdialogs.kmp.IosDialogGatewayCancellationTests" time="0.0"/>
  <system-out><![CDATA[]]></system-out>
  <system-err><![CDATA[]]></system-err>
</testsuite>
